resize2fs 1.42.9 (4-Feb-2014)
The filesystem is already 2621440 blocks long.  Nothing to do!

650000+0 records in
650000+0 records out
665600000 bytes (666 MB) copied, 70.6755 s, 9.4 MB/s
Setting up swapspace version 1, size = 649996 KiB
no label, UUID=02241b30-b385-45c3-a26d-7b6ab3b3d8d0
micro
[Mon Dec 28 03:47:41 UTC 2015] Regenerating keys for *
/opt/bitnami/var/init/pre-start/070_regenerate_keys: 22: /opt/bitnami/var/init/pre-start/070_regenerate_keys: /opt/bitnami/apps/*/bnconfig: not found
[Mon Dec 28 03:47:41 UTC 2015] Regenerating keys for * finished
[Mon Dec 28 03:47:41 UTC 2015] Finished regenerating keys

#########################################################################
#                                                                       #
#        Setting Bitnami application password to 'N5EneMqPPcx6'         #
#                                                                       #
#########################################################################

[Mon Dec 28 03:47:42 UTC 2015] Setting up password for redis service
[Mon Dec 28 03:47:58 UTC 2015] Setting up password for redis service finished
[Mon Dec 28 03:47:58 UTC 2015] Setting up password for * application
/opt/bitnami/var/init/pre-start/100_set_default_passwords: 60: /opt/bitnami/var/init/pre-start/100_set_default_passwords: /opt/bitnami/apps/*/bnconfig: not found
[Mon Dec 28 03:47:58 UTC 2015] Setting up password for * application finished
[Mon Dec 28 03:47:58 UTC 2015] Finished setting password
